TN:
SF:auth\authRouter.js
FN:14,(anonymous_0)
FN:61,(anonymous_1)
FN:118,(anonymous_2)
FN:136,(anonymous_3)
FN:151,(anonymous_4)
FN:190,(anonymous_5)
FNF:6
FNH:5
FNDA:3,(anonymous_0)
FNDA:1,(anonymous_1)
FNDA:1,(anonymous_2)
FNDA:1,(anonymous_3)
FNDA:1,(anonymous_4)
FNDA:0,(anonymous_5)
DA:11,1
DA:14,1
DA:15,3
DA:16,3
DA:17,3
DA:19,3
DA:21,3
DA:22,3
DA:23,3
DA:24,1
DA:25,1
DA:30,2
DA:33,2
DA:38,2
DA:41,2
DA:42,0
DA:43,0
DA:47,2
DA:48,2
DA:50,2
DA:55,0
DA:56,0
DA:61,1
DA:62,1
DA:63,1
DA:65,1
DA:66,1
DA:69,1
DA:70,1
DA:73,1
DA:74,1
DA:75,1
DA:79,0
DA:80,0
DA:83,0
DA:88,0
DA:91,0
DA:92,0
DA:95,0
DA:99,0
DA:100,0
DA:101,0
DA:103,0
DA:104,0
DA:108,0
DA:112,0
DA:113,0
DA:118,1
DA:120,1
DA:122,1
DA:125,1
DA:128,1
DA:129,0
DA:136,1
DA:137,1
DA:138,0
DA:139,0
DA:141,1
DA:142,1
DA:145,0
DA:146,0
DA:151,1
DA:152,1
DA:153,1
DA:156,1
DA:158,0
DA:159,0
DA:162,0
DA:166,0
DA:168,0
DA:170,0
DA:176,0
DA:179,1
DA:182,0
DA:183,0
DA:190,1
DA:191,0
LF:77
LH:43
BRDA:23,0,0,1
BRDA:23,0,1,2
BRDA:41,1,0,0
BRDA:41,1,1,2
BRDA:73,2,0,1
BRDA:73,2,1,0
BRDA:91,3,0,0
BRDA:91,3,1,0
BRDA:99,4,0,0
BRDA:99,4,1,0
BRDA:99,5,0,0
BRDA:99,5,1,0
BRDA:125,6,0,1
BRDA:125,6,1,1
BRDA:137,7,0,0
BRDA:137,7,1,1
BRDA:156,8,0,0
BRDA:156,8,1,1
BRDA:168,9,0,0
BRDA:168,9,1,0
BRDA:168,10,0,0
BRDA:168,10,1,0
BRF:22
BRH:8
end_of_record
