{"C:\\Users\\Shining star\\OneDrive\\Desktop\\ClothingSite\\auth\\authRouter.js": {"path":"C:\\Users\\Shining star\\OneDrive\\Desktop\\ClothingSite\\auth\\authRouter.js","statementMap":{"0":{"start":{"line":11,"column":15},"end":{"line":11,"column":31}},"1":{"start":{"line":14,"column":0},"end":{"line":58,"column":3}},"2":{"start":{"line":15,"column":2},"end":{"line":15,"column":41}},"3":{"start":{"line":16,"column":40},"end":{"line":16,"column":48}},"4":{"start":{"line":17,"column":2},"end":{"line":17,"column":79}},"5":{"start":{"line":19,"column":2},"end":{"line":57,"column":3}},"6":{"start":{"line":21,"column":4},"end":{"line":21,"column":49}},"7":{"start":{"line":22,"column":25},"end":{"line":22,"column":65}},"8":{"start":{"line":23,"column":4},"end":{"line":28,"column":5}},"9":{"start":{"line":24,"column":6},"end":{"line":24,"column":41}},"10":{"start":{"line":25,"column":6},"end":{"line":27,"column":65}},"11":{"start":{"line":30,"column":23},"end":{"line":30,"column":54}},"12":{"start":{"line":33,"column":20},"end":{"line":37,"column":6}},"13":{"start":{"line":38,"column":4},"end":{"line":38,"column":68}},"14":{"start":{"line":41,"column":4},"end":{"line":44,"column":5}},"15":{"start":{"line":42,"column":6},"end":{"line":42,"column":77}},"16":{"start":{"line":43,"column":6},"end":{"line":43,"column":75}},"17":{"start":{"line":47,"column":4},"end":{"line":47,"column":70}},"18":{"start":{"line":48,"column":4},"end":{"line":48,"column":74}},"19":{"start":{"line":50,"column":4},"end":{"line":53,"column":7}},"20":{"start":{"line":55,"column":4},"end":{"line":55,"column":54}},"21":{"start":{"line":56,"column":4},"end":{"line":56,"column":76}},"22":{"start":{"line":61,"column":0},"end":{"line":115,"column":3}},"23":{"start":{"line":62,"column":30},"end":{"line":62,"column":38}},"24":{"start":{"line":63,"column":17},"end":{"line":63,"column":18}},"25":{"start":{"line":65,"column":2},"end":{"line":114,"column":3}},"26":{"start":{"line":66,"column":4},"end":{"line":66,"column":77}},"27":{"start":{"line":69,"column":17},"end":{"line":69,"column":57}},"28":{"start":{"line":70,"column":4},"end":{"line":70,"column":37}},"29":{"start":{"line":73,"column":4},"end":{"line":76,"column":5}},"30":{"start":{"line":74,"column":6},"end":{"line":74,"column":71}},"31":{"start":{"line":75,"column":6},"end":{"line":75,"column":77}},"32":{"start":{"line":79,"column":18},"end":{"line":79,"column":63}},"33":{"start":{"line":80,"column":4},"end":{"line":80,"column":45}},"34":{"start":{"line":83,"column":24},"end":{"line":86,"column":5}},"35":{"start":{"line":88,"column":4},"end":{"line":88,"column":33}},"36":{"start":{"line":91,"column":4},"end":{"line":96,"column":5}},"37":{"start":{"line":92,"column":6},"end":{"line":94,"column":8}},"38":{"start":{"line":95,"column":6},"end":{"line":95,"column":77}},"39":{"start":{"line":99,"column":4},"end":{"line":105,"column":5}},"40":{"start":{"line":100,"column":6},"end":{"line":100,"column":66}},"41":{"start":{"line":101,"column":6},"end":{"line":101,"column":76}},"42":{"start":{"line":103,"column":6},"end":{"line":103,"column":43}},"43":{"start":{"line":104,"column":6},"end":{"line":104,"column":73}},"44":{"start":{"line":108,"column":4},"end":{"line":110,"column":71}},"45":{"start":{"line":112,"column":4},"end":{"line":112,"column":53}},"46":{"start":{"line":113,"column":4},"end":{"line":113,"column":76}},"47":{"start":{"line":118,"column":0},"end":{"line":148,"column":3}},"48":{"start":{"line":120,"column":17},"end":{"line":120,"column":36}},"49":{"start":{"line":122,"column":2},"end":{"line":147,"column":3}},"50":{"start":{"line":125,"column":17},"end":{"line":125,"column":39}},"51":{"start":{"line":128,"column":4},"end":{"line":133,"column":5}},"52":{"start":{"line":129,"column":6},"end":{"line":132,"column":8}},"53":{"start":{"line":136,"column":4},"end":{"line":143,"column":7}},"54":{"start":{"line":137,"column":6},"end":{"line":140,"column":7}},"55":{"start":{"line":138,"column":8},"end":{"line":138,"column":70}},"56":{"start":{"line":139,"column":8},"end":{"line":139,"column":66}},"57":{"start":{"line":141,"column":6},"end":{"line":141,"column":37}},"58":{"start":{"line":142,"column":6},"end":{"line":142,"column":55}},"59":{"start":{"line":145,"column":4},"end":{"line":145,"column":54}},"60":{"start":{"line":146,"column":4},"end":{"line":146,"column":73}},"61":{"start":{"line":151,"column":0},"end":{"line":187,"column":3}},"62":{"start":{"line":152,"column":2},"end":{"line":186,"column":3}},"63":{"start":{"line":153,"column":4},"end":{"line":153,"column":67}},"64":{"start":{"line":156,"column":4},"end":{"line":180,"column":5}},"65":{"start":{"line":158,"column":24},"end":{"line":158,"column":37}},"66":{"start":{"line":159,"column":6},"end":{"line":159,"column":66}},"67":{"start":{"line":162,"column":28},"end":{"line":165,"column":7}},"68":{"start":{"line":166,"column":6},"end":{"line":166,"column":75}},"69":{"start":{"line":168,"column":6},"end":{"line":177,"column":7}},"70":{"start":{"line":170,"column":8},"end":{"line":174,"column":11}},"71":{"start":{"line":176,"column":8},"end":{"line":176,"column":38}},"72":{"start":{"line":179,"column":6},"end":{"line":179,"column":36}},"73":{"start":{"line":182,"column":4},"end":{"line":182,"column":69}},"74":{"start":{"line":183,"column":4},"end":{"line":185,"column":73}},"75":{"start":{"line":190,"column":0},"end":{"line":194,"column":3}},"76":{"start":{"line":191,"column":2},"end":{"line":193,"column":5}}},"fnMap":{"0":{"name":"(anonymous_0)","decl":{"start":{"line":14,"column":23},"end":{"line":14,"column":24}},"loc":{"start":{"line":14,"column":43},"end":{"line":58,"column":1}},"line":14},"1":{"name":"(anonymous_1)","decl":{"start":{"line":61,"column":22},"end":{"line":61,"column":23}},"loc":{"start":{"line":61,"column":42},"end":{"line":115,"column":1}},"line":61},"2":{"name":"(anonymous_2)","decl":{"start":{"line":118,"column":23},"end":{"line":118,"column":24}},"loc":{"start":{"line":118,"column":43},"end":{"line":148,"column":1}},"line":118},"3":{"name":"(anonymous_3)","decl":{"start":{"line":136,"column":24},"end":{"line":136,"column":25}},"loc":{"start":{"line":136,"column":33},"end":{"line":143,"column":5}},"line":136},"4":{"name":"(anonymous_4)","decl":{"start":{"line":151,"column":23},"end":{"line":151,"column":24}},"loc":{"start":{"line":151,"column":43},"end":{"line":187,"column":1}},"line":151},"5":{"name":"(anonymous_5)","decl":{"start":{"line":190,"column":30},"end":{"line":190,"column":31}},"loc":{"start":{"line":190,"column":44},"end":{"line":194,"column":1}},"line":190}},"branchMap":{"0":{"loc":{"start":{"line":23,"column":4},"end":{"line":28,"column":5}},"type":"if","locations":[{"start":{"line":23,"column":4},"end":{"line":28,"column":5}},{"start":{},"end":{}}],"line":23},"1":{"loc":{"start":{"line":41,"column":4},"end":{"line":44,"column":5}},"type":"if","locations":[{"start":{"line":41,"column":4},"end":{"line":44,"column":5}},{"start":{},"end":{}}],"line":41},"2":{"loc":{"start":{"line":73,"column":4},"end":{"line":76,"column":5}},"type":"if","locations":[{"start":{"line":73,"column":4},"end":{"line":76,"column":5}},{"start":{},"end":{}}],"line":73},"3":{"loc":{"start":{"line":91,"column":4},"end":{"line":96,"column":5}},"type":"if","locations":[{"start":{"line":91,"column":4},"end":{"line":96,"column":5}},{"start":{},"end":{}}],"line":91},"4":{"loc":{"start":{"line":99,"column":4},"end":{"line":105,"column":5}},"type":"if","locations":[{"start":{"line":99,"column":4},"end":{"line":105,"column":5}},{"start":{"line":102,"column":11},"end":{"line":105,"column":5}}],"line":99},"5":{"loc":{"start":{"line":99,"column":8},"end":{"line":99,"column":21}},"type":"binary-expr","locations":[{"start":{"line":99,"column":8},"end":{"line":99,"column":12}},{"start":{"line":99,"column":16},"end":{"line":99,"column":21}}],"line":99},"6":{"loc":{"start":{"line":125,"column":17},"end":{"line":125,"column":39}},"type":"binary-expr","locations":[{"start":{"line":125,"column":17},"end":{"line":125,"column":33}},{"start":{"line":125,"column":37},"end":{"line":125,"column":39}}],"line":125},"7":{"loc":{"start":{"line":137,"column":6},"end":{"line":140,"column":7}},"type":"if","locations":[{"start":{"line":137,"column":6},"end":{"line":140,"column":7}},{"start":{},"end":{}}],"line":137},"8":{"loc":{"start":{"line":156,"column":4},"end":{"line":180,"column":5}},"type":"if","locations":[{"start":{"line":156,"column":4},"end":{"line":180,"column":5}},{"start":{"line":178,"column":11},"end":{"line":180,"column":5}}],"line":156},"9":{"loc":{"start":{"line":168,"column":6},"end":{"line":177,"column":7}},"type":"if","locations":[{"start":{"line":168,"column":6},"end":{"line":177,"column":7}},{"start":{"line":175,"column":13},"end":{"line":177,"column":7}}],"line":168},"10":{"loc":{"start":{"line":168,"column":10},"end":{"line":168,"column":47}},"type":"binary-expr","locations":[{"start":{"line":168,"column":10},"end":{"line":168,"column":21}},{"start":{"line":168,"column":25},"end":{"line":168,"column":47}}],"line":168}},"s":{"0":1,"1":1,"2":3,"3":3,"4":3,"5":3,"6":3,"7":3,"8":3,"9":1,"10":1,"11":2,"12":2,"13":2,"14":2,"15":0,"16":0,"17":2,"18":2,"19":2,"20":0,"21":0,"22":1,"23":1,"24":1,"25":1,"26":1,"27":1,"28":1,"29":1,"30":1,"31":1,"32":0,"33":0,"34":0,"35":0,"36":0,"37":0,"38":0,"39":0,"40":0,"41":0,"42":0,"43":0,"44":0,"45":0,"46":0,"47":1,"48":1,"49":1,"50":1,"51":1,"52":0,"53":1,"54":1,"55":0,"56":0,"57":1,"58":1,"59":0,"60":0,"61":1,"62":1,"63":1,"64":1,"65":0,"66":0,"67":0,"68":0,"69":0,"70":0,"71":0,"72":1,"73":0,"74":0,"75":1,"76":0},"f":{"0":3,"1":1,"2":1,"3":1,"4":1,"5":0},"b":{"0":[1,2],"1":[0,2],"2":[1,0],"3":[0,0],"4":[0,0],"5":[0,0],"6":[1,1],"7":[0,1],"8":[0,1],"9":[0,0],"10":[0,0]},"_coverageSchema":"1a1c01bbd47fc00a2c39e90264f33305004495a9","hash":"9a3b2b6dcf54f7375885991bb2b62d98526bb7e8"}
}
